2026-06-14 21:49:26, MOVE, v:1, k:ed@escada, mode:PICK
2026-06-14 21:58:38, EXEC, v:1, k:ed@escada, mode:FULL, size:31, fail:COMP
2026-06-14 21:58:39, EXEC, v:1, k:ed@escada, mode:FULL, fail:COMP
2026-06-14 21:58:41, EXEC, v:1, k:ed@escada, mode:FULL, fail:COMP
2026-06-14 21:58:41, EXEC, v:1, k:ed@escada, mode:FULL, fail:COMP
2026-06-14 21:58:42, EXEC, v:1, k:ed@escada, mode:FULL, fail:COMP
2026-06-14 21:58:42, EXEC, v:1, k:ed@escada, mode:FULL, fail:COMP
2026-06-14 21:58:42, EXEC, v:1, k:ed@escada, mode:FULL, fail:COMP
2026-06-14 21:58:43, EXEC, v:1, k:ed@escada, mode:FULL, fail:COMP
2026-06-14 21:58:43, EXEC, v:1, k:ed@escada, mode:FULL, fail:COMP
2026-06-14 21:58:43, EXEC, v:1, k:ed@escada, mode:FULL, fail:COMP
2026-06-14 21:58:43, EXEC, v:1, k:ed@escada, mode:FULL, fail:COMP
2026-06-14 21:58:48, MOVE, v:1, k:ed@escada, mode:BACK
2026-06-14 21:59:20, MOVE, v:1, k:ed@escada, mode:PICK
2026-06-14 21:59:33, EXEC, v:1, k:ed@escada, mode:FULL, fail:COMP
2026-06-14 21:59:35, EXEC, v:1, k:ed@escada, mode:FULL, fail:COMP
2026-06-14 21:59:48, EXEC, v:1, k:ed@escada, mode:FULL, fail:COMP
2026-06-14 22:01:09, EXEC, v:1, k:ed@escada, mode:FULL, fail:COMP
2026-06-14 22:04:09, EXEC, v:1, k:ed@escada, mode:FULL, fail:COMP
2026-06-14 22:04:25, EXEC, v:1, k:ed@escada, mode:FULL, fail:COMP
2026-06-14 22:04:27, EXEC, v:1, k:ed@escada, mode:FULL, fail:COMP
2026-06-14 22:04:37, MOVE, v:1, k:ed@escada, mode:BACK
2026-06-14 22:05:30, MOVE, v:1, k:ed@enesimo, mode:DOWN
2026-06-14 22:05:37, MOVE, v:1, k:ed@escada, mode:PICK
2026-06-14 22:05:37, EXEC, v:1, k:ed@escada, mode:FULL, fail:COMP
2026-06-14 22:05:41, MOVE, v:1, k:ed@escada, mode:BACK
2026-06-14 22:05:43, MOVE, v:1, k:ed@priminhos, mode:PICK
2026-06-14 22:05:47, EXEC, v:1, k:ed@priminhos, mode:FULL, rate:0
2026-06-14 22:05:50, MOVE, v:1, k:ed@priminhos, mode:BACK
2026-06-14 22:05:53, MOVE, v:1, k:ed@enesimo, mode:PICK
2026-06-14 22:05:56, EXEC, v:1, k:ed@enesimo, mode:FULL, rate:100
2026-06-14 22:05:56, MOVE, v:1, k:ed@enesimo, mode:BACK
2026-06-14 22:06:00, MOVE, v:1, k:ed@priminhos, mode:PICK
2026-06-14 22:06:14, MOVE, v:1, k:ed@priminhos, mode:BACK
2026-06-14 22:06:16, MOVE, v:1, k:ed@priminhos, mode:PICK
2026-06-14 22:06:23, EXEC, v:1, k:ed@priminhos, mode:FULL, rate:100
2026-06-14 22:06:24, MOVE, v:1, k:ed@priminhos, mode:BACK
2026-06-14 22:06:29, MOVE, v:1, k:ed@escada, mode:PICK
2026-06-14 22:06:34, EXEC, v:1, k:ed@escada, mode:FULL, rate:100, size:34
2026-06-14 22:06:37, MOVE, v:1, k:ed@escada, mode:BACK
2026-06-14 22:07:01, SELF, v:1, k:ed@escada, self:1, rate:100, study:35
2026-06-14 22:06:23, MOVE, v:1, k:ed@priminhos, mode:EDIT
2026-06-14 22:05:55, MOVE, v:1, k:ed@enesimo, mode:EDIT
2026-06-14 22:06:09, MOVE, v:1, k:ed@escada, mode:EDIT
2026-06-14 22:06:33, MOVE, v:1, k:ed@escada, mode:EDIT
