2026-05-25 12:56:11, MOVE, v:1, k:ed@eh_primo, mode:PICK
2026-05-25 13:00:18, MOVE, v:1, k:ed@eh_primo, mode:BACK
2026-05-25 13:01:24, MOVE, v:1, k:ed@rotacoes, mode:PICK
2026-05-25 13:56:29, MOVE, v:1, k:ed@rotacoes, mode:PICK
2026-05-25 14:00:55, MOVE, v:1, k:ed@rotacoes, mode:EDIT
2026-05-25 14:02:29, MOVE, v:1, k:ed@rotacoes, mode:BACK
2026-05-25 14:02:40, MOVE, v:1, k:ed@rotacoes, mode:PICK
2026-05-25 14:02:56, EXEC, v:1, k:ed@rotacoes, mode:FULL, rate:0, size:29
2026-05-25 14:03:03, EXEC, v:1, k:ed@rotacoes, mode:FULL, rate:0, size:29
2026-05-25 14:03:10, EXEC, v:1, k:ed@rotacoes, mode:FULL, rate:100, size:29
2026-05-25 14:03:21, MOVE, v:1, k:ed@rotacoes, mode:BACK
2026-05-25 14:03:32, SELF, v:1, k:ed@rotacoes, self:1, rate:100, study:60
2026-05-25 14:03:16, MOVE, v:1, k:ed@rotacoes, mode:EDIT
2026-05-25 14:03:10, MOVE, v:1, k:ed@rotacoes, mode:EDIT
2026-05-25 16:48:23, MOVE, v:1, k:ed@pintando, mode:PICK
2026-05-25 16:48:55, MOVE, v:1, k:ed@pintando, mode:BACK
2026-05-25 16:49:09, MOVE, v:1, k:ed@escada, mode:DOWN
2026-05-25 16:49:20, MOVE, v:1, k:ed@vetbuild, mode:PICK
2026-05-25 16:48:31, MOVE, v:1, k:ed@pintando, mode:EDIT
2026-05-25 16:49:09, MOVE, v:1, k:ed@escada, mode:EDIT
2026-05-25 16:49:09, MOVE, v:1, k:ed@escada, mode:EDIT
2026-05-25 16:49:09, MOVE, v:1, k:ed@escada, mode:EDIT
2026-05-25 16:59:33, MOVE, v:1, k:ed@vetbuild, mode:BACK
2026-05-25 16:59:24, MOVE, v:1, k:ed@vetbuild, mode:EDIT
2026-05-25 18:46:20, MOVE, v:1, k:ed@vetbuild, mode:PICK
2026-05-25 18:49:13, MOVE, v:1, k:ed@vetbuild, mode:EDIT
2026-05-25 18:54:31, MOVE, v:1, k:ed@vetbuild, mode:EDIT
2026-05-25 18:58:56, MOVE, v:1, k:ed@vetbuild, mode:EDIT
2026-05-25 19:02:00, EXEC, v:1, k:ed@vetbuild, mode:FULL, size:166, fail:COMP
2026-05-25 19:04:31, MOVE, v:1, k:ed@vetbuild, mode:EDIT
2026-05-25 19:08:46, MOVE, v:1, k:ed@vetbuild, mode:PICK
2026-05-25 19:18:19, MOVE, v:1, k:ed@vetbuild, mode:PICK
2026-05-25 19:20:15, MOVE, v:1, k:ed@vetbuild, mode:EDIT
2026-05-25 19:25:34, MOVE, v:1, k:ed@vetbuild, mode:EDIT
2026-05-25 19:32:23, MOVE, v:1, k:ed@vetbuild, mode:EDIT
