2026-07-05 20:19:04, MOVE, v:1, k:ed@polonesa, mode:DOWN
2026-07-05 20:19:05, MOVE, v:1, k:ed@polonesa, mode:PICK
2026-07-05 20:19:30, EXEC, v:1, k:ed@polonesa, mode:FULL, rate:0, size:5
2026-07-05 20:19:04, MOVE, v:1, k:ed@polonesa, mode:EDIT
2026-07-05 20:22:09, MOVE, v:1, k:ed@polonesa, mode:EDIT
2026-07-05 20:19:29, MOVE, v:1, k:ed@polonesa, mode:EDIT
2026-07-05 20:25:45, MOVE, v:1, k:ed@polonesa, mode:EDIT
2026-07-05 20:32:10, MOVE, v:1, k:ed@polonesa, mode:EDIT
2026-07-05 20:35:06, MOVE, v:1, k:ed@polonesa, mode:EDIT
2026-07-05 20:42:05, MOVE, v:1, k:ed@polonesa, mode:EDIT
2026-07-05 20:45:50, EXEC, v:1, k:ed@polonesa, mode:FULL, size:84, fail:COMP
2026-07-05 20:46:01, EXEC, v:1, k:ed@polonesa, mode:FULL, rate:0, size:85
2026-07-05 20:45:57, MOVE, v:1, k:ed@polonesa, mode:EDIT
2026-07-05 20:46:00, MOVE, v:1, k:ed@polonesa, mode:EDIT
2026-07-05 20:47:34, EXEC, v:1, k:ed@polonesa, mode:FULL, rate:100, size:85
2026-07-05 20:47:51, MOVE, v:1, k:ed@polonesa, mode:BACK
2026-07-05 20:50:10, MOVE, v:1, k:ed@polonesa, mode:DOWN
2026-07-05 20:51:59, MOVE, v:1, k:ed@polonesa, mode:PICK
2026-07-05 20:50:10, MOVE, v:1, k:ed@polonesa, mode:EDIT
2026-07-05 20:52:37, MOVE, v:1, k:ed@polonesa, mode:EDIT
2026-07-05 20:58:07, MOVE, v:1, k:ed@polonesa, mode:EDIT
2026-07-05 21:02:59, MOVE, v:1, k:ed@polonesa, mode:EDIT
2026-07-05 21:08:00, MOVE, v:1, k:ed@polonesa, mode:EDIT
2026-07-05 21:13:05, MOVE, v:1, k:ed@polonesa, mode:EDIT
2026-07-05 21:18:07, MOVE, v:1, k:ed@polonesa, mode:EDIT
2026-07-05 21:23:02, MOVE, v:1, k:ed@polonesa, mode:EDIT
2026-07-05 21:23:20, EXEC, v:1, k:ed@polonesa, mode:FULL, size:75, fail:COMP
2026-07-05 21:25:55, EXEC, v:1, k:ed@polonesa, mode:FULL, size:83, fail:COMP
2026-07-05 21:27:11, EXEC, v:1, k:ed@polonesa, mode:FULL, rate:0, size:84
2026-07-05 21:27:06, MOVE, v:1, k:ed@polonesa, mode:EDIT
2026-07-05 21:27:10, MOVE, v:1, k:ed@polonesa, mode:EDIT
2026-07-05 21:29:51, EXEC, v:1, k:ed@polonesa, mode:FULL, rate:100, size:85
2026-07-05 21:31:30, MOVE, v:1, k:ed@polonesa, mode:BACK
2026-07-05 21:32:02, SELF, v:1, k:ed@polonesa, self:1, rate:100, study:40, refactor:1
