2026-03-18 13:25:39, MOVE, v:1, k:ed@baruel, mode:PICK
2026-03-18 13:28:47, EXEC, v:1, k:ed@baruel, mode:FREE, size:46
2026-03-18 13:29:43, EXEC, v:1, k:ed@baruel, mode:FULL, rate:25
2026-03-18 13:30:55, EXEC, v:1, k:ed@baruel, mode:FULL, rate:25
2026-03-18 13:33:19, EXEC, v:1, k:ed@baruel, mode:FULL, rate:75, size:46
2026-03-18 13:45:59, EXEC, v:1, k:ed@baruel, mode:FULL, rate:0, size:46
2026-03-18 13:46:30, EXEC, v:1, k:ed@baruel, mode:FREE
2026-03-18 13:48:21, EXEC, v:1, k:ed@baruel, mode:FULL, rate:25, size:46
2026-03-18 13:48:33, EXEC, v:1, k:ed@baruel, mode:FULL, rate:75, size:46
2026-03-18 13:48:57, EXEC, v:1, k:ed@baruel, mode:FULL, rate:75
2026-03-18 13:49:08, EXEC, v:1, k:ed@baruel, mode:FULL, rate:75
2026-03-18 13:49:11, EXEC, v:1, k:ed@baruel, mode:FULL, rate:75
2026-03-18 13:49:40, EXEC, v:1, k:ed@baruel, mode:FULL, rate:75
2026-03-18 13:49:49, MOVE, v:1, k:ed@baruel, mode:BACK
2026-03-18 13:49:52, MOVE, v:1, k:ed@baruel, mode:PICK
2026-03-18 13:49:58, EXEC, v:1, k:ed@baruel, mode:FULL, rate:75
2026-03-18 13:50:15, EXEC, v:1, k:ed@baruel, mode:FULL, rate:75
2026-03-18 14:01:52, MOVE, v:1, k:ed@baruel, mode:PICK
2026-03-18 14:01:56, EXEC, v:1, k:ed@baruel, mode:FULL, rate:75, size:50
2026-03-18 14:02:16, EXEC, v:1, k:ed@baruel, mode:FULL, rate:25, size:49
2026-03-18 14:02:31, MOVE, v:1, k:ed@baruel, mode:PICK
2026-03-18 14:02:33, EXEC, v:1, k:ed@baruel, mode:FULL, rate:75, size:50
2026-03-18 14:04:34, EXEC, v:1, k:ed@baruel, mode:FULL, rate:100, size:50
2026-03-18 14:04:40, EXEC, v:1, k:ed@baruel, mode:FULL, rate:100
