2026-05-12 19:50:53, SELF, v:1, k:ed@labirinto, self:1, rate:100, study:60, concept:1
2026-05-12 19:50:59, MOVE, v:1, k:ed@eh_primo, mode:DOWN
2026-05-12 19:51:01, MOVE, v:1, k:ed@eh_primo, mode:PICK
2026-05-12 19:50:59, MOVE, v:1, k:ed@eh_primo, mode:EDIT
2026-05-12 19:50:59, MOVE, v:1, k:ed@eh_primo, mode:EDIT
2026-05-12 19:54:27, MOVE, v:1, k:ed@eh_primo, mode:EDIT
2026-05-12 19:56:52, MOVE, v:1, k:ed@eh_primo, mode:BACK
2026-05-12 19:56:54, MOVE, v:1, k:ed@eh_primo, mode:DOWN
2026-05-12 19:57:03, MOVE, v:1, k:ed@eh_primo, mode:DOWN
2026-05-12 19:57:06, MOVE, v:1, k:ed@eh_primo, mode:DOWN
2026-05-12 19:57:08, MOVE, v:1, k:ed@eh_primo, mode:DOWN
2026-05-12 19:58:09, MOVE, v:1, k:ed@eh_primo, mode:DOWN
2026-05-12 19:58:23, MOVE, v:1, k:ed@eh_primo, mode:DOWN
2026-05-12 19:58:55, MOVE, v:1, k:ed@eh_primo, mode:DOWN
2026-05-12 19:59:52, MOVE, v:1, k:ed@eh_primo, mode:DOWN
2026-05-12 19:59:53, MOVE, v:1, k:ed@eh_primo, mode:DOWN
2026-05-12 19:59:53, MOVE, v:1, k:ed@eh_primo, mode:DOWN
2026-05-12 19:59:54, MOVE, v:1, k:ed@eh_primo, mode:DOWN
2026-05-12 19:59:54, MOVE, v:1, k:ed@eh_primo, mode:DOWN
2026-05-12 19:59:54, MOVE, v:1, k:ed@eh_primo, mode:DOWN
2026-05-12 19:59:54, MOVE, v:1, k:ed@eh_primo, mode:DOWN
2026-05-12 19:59:55, MOVE, v:1, k:ed@eh_primo, mode:DOWN
2026-05-12 19:59:55, MOVE, v:1, k:ed@eh_primo, mode:DOWN
2026-05-12 19:59:55, MOVE, v:1, k:ed@eh_primo, mode:EDIT
2026-05-12 20:05:53, MOVE, v:1, k:ed@eh_primo, mode:DOWN
2026-05-12 20:07:06, MOVE, v:1, k:ed@eh_primo, mode:PICK
2026-05-12 20:07:09, EXEC, v:1, k:ed@eh_primo, mode:FULL, rate:44, size:20
2026-05-12 20:08:44, EXEC, v:1, k:ed@eh_primo, mode:FULL, rate:44, size:28
2026-05-12 20:09:02, MOVE, v:1, k:ed@eh_primo, mode:BACK
2026-05-12 20:09:03, MOVE, v:1, k:ed@eh_primo, mode:PICK
2026-05-12 20:09:55, EXEC, v:1, k:ed@eh_primo, mode:FULL, rate:100, size:28
2026-05-12 20:09:57, EXEC, v:1, k:ed@eh_primo, mode:FULL, rate:100
2026-05-12 20:09:59, MOVE, v:1, k:ed@eh_primo, mode:BACK
2026-05-12 20:10:16, SELF, v:1, k:ed@eh_primo, self:1, rate:100, study:15
2026-05-12 20:10:24, MOVE, v:1, k:ed@vetequals, mode:DOWN
2026-05-12 20:10:33, MOVE, v:1, k:ed@vetequals, mode:PICK
2026-05-12 20:05:53, MOVE, v:1, k:ed@eh_primo, mode:EDIT
2026-05-12 20:09:45, MOVE, v:1, k:ed@eh_primo, mode:EDIT
2026-05-12 20:09:57, MOVE, v:1, k:ed@eh_primo, mode:EDIT
2026-05-12 20:10:24, MOVE, v:1, k:ed@vetequals, mode:EDIT
2026-05-12 20:10:24, MOVE, v:1, k:ed@vetequals, mode:EDIT
2026-05-12 20:10:24, MOVE, v:1, k:ed@vetequals, mode:EDIT
2026-05-12 20:12:47, MOVE, v:1, k:ed@vetequals, mode:BACK
2026-05-12 20:13:34, MOVE, v:1, k:ed@eh_primo, mode:PICK
2026-05-12 20:13:56, MOVE, v:1, k:ed@eh_primo, mode:BACK
2026-05-12 20:13:59, MOVE, v:1, k:ed@vetequals, mode:PICK
2026-05-12 20:15:34, MOVE, v:1, k:ed@vetequals, mode:EDIT
2026-05-12 20:25:03, MOVE, v:1, k:ed@vetequals, mode:PICK
2026-05-12 20:25:04, MOVE, v:1, k:ed@vetequals, mode:BACK
2026-05-12 20:25:11, MOVE, v:1, k:ed@vetequals, mode:PICK
2026-05-12 20:34:17, MOVE, v:1, k:ed@vetequals, mode:EDIT
2026-05-12 20:57:22, MOVE, v:1, k:ed@vetequals, mode:PICK
2026-05-12 20:57:30, MOVE, v:1, k:ed@vetequals, mode:BACK
2026-05-12 20:57:38, MOVE, v:1, k:ed@vetequals, mode:PICK
2026-05-12 21:07:02, EXEC, v:1, k:ed@vetequals, mode:FULL, rate:60, size:60
2026-05-12 21:07:02, EXEC, v:1, k:ed@vetequals, mode:FULL, rate:60, size:60
2026-05-12 21:07:03, EXEC, v:1, k:ed@vetequals, mode:FULL, rate:60, size:60
2026-05-12 21:07:27, EXEC, v:1, k:ed@vetequals, mode:FULL, rate:60
2026-05-12 21:07:27, MOVE, v:1, k:ed@vetequals, mode:EDIT
2026-05-12 21:07:25, MOVE, v:1, k:ed@vetequals, mode:EDIT
2026-05-12 21:07:42, EXEC, v:1, k:ed@vetequals, mode:FULL, rate:30, size:60
2026-05-12 21:07:59, EXEC, v:1, k:ed@vetequals, mode:FULL, rate:70, size:60
2026-05-12 21:08:13, EXEC, v:1, k:ed@vetequals, mode:FULL, rate:100, size:60
2026-05-12 21:08:11, MOVE, v:1, k:ed@vetequals, mode:EDIT
2026-05-12 21:08:13, MOVE, v:1, k:ed@vetequals, mode:EDIT
2026-05-12 21:13:07, EXEC, v:1, k:ed@vetequals, mode:FULL, rate:100
2026-05-12 21:13:19, MOVE, v:1, k:ed@vetequals, mode:BACK
2026-05-12 21:13:57, SELF, v:1, k:ed@vetequals, self:1, rate:100, study:60, concept:1
2026-05-12 21:14:26, SELF, v:1, k:ed@eh_primo, self:1, rate:100, study:15
